<?xml version="1.0" encoding="UTF-8" ?>
<testsuite errors="0" failures="0" hostname="Anupams-MacBook-Pro.local" name="com.alexholmes.json.parser.JsonLexerTest" skipped="0" tests="1" time="0.131" timestamp="2014-10-09T08:05:14">
  <properties>
    <property name="java.vendor" value="Oracle Corporation" />
    <property name="ant.file.json-mapreduce" value="/Users/mediratta/code/json-mapreduce/build.xml" />
    <property name="sun.java.launcher" value="SUN_STANDARD" />
    <property name="sun.management.compiler" value="HotSpot 64-Bit Tiered Compilers" />
    <property name="ant.file.type.json-mapreduce" value="file" />
    <property name="os.name" value="Mac OS X" />
    <property name="sun.boot.class.path" value="/Library/Java/JavaVirtualMachines/jdk1.7.0_67.jdk/Contents/Home/jre/lib/resources.jar:/Library/Java/JavaVirtualMachines/jdk1.7.0_67.jdk/Contents/Home/jre/lib/rt.jar:/Library/Java/JavaVirtualMachines/jdk1.7.0_67.jdk/Contents/Home/jre/lib/sunrsasign.jar:/Library/Java/JavaVirtualMachines/jdk1.7.0_67.jdk/Contents/Home/jre/lib/jsse.jar:/Library/Java/JavaVirtualMachines/jdk1.7.0_67.jdk/Contents/Home/jre/lib/jce.jar:/Library/Java/JavaVirtualMachines/jdk1.7.0_67.jdk/Contents/Home/jre/lib/charsets.jar:/Library/Java/JavaVirtualMachines/jdk1.7.0_67.jdk/Contents/Home/jre/lib/jfr.jar:/Library/Java/JavaVirtualMachines/jdk1.7.0_67.jdk/Contents/Home/jre/classes" />
    <property name="user.country.format" value="IN" />
    <property name="java.vm.specification.vendor" value="Oracle Corporation" />
    <property name="ant.home" value="/opt/local/share/java/apache-ant" />
    <property name="java.runtime.version" value="1.7.0_67-b01" />
    <property name="test.build.dir" value="/Users/mediratta/code/json-mapreduce/build/test" />
    <property name="user.name" value="mediratta" />
    <property name="build.dir" value="/Users/mediratta/code/json-mapreduce/build" />
    <property name="user.language" value="en" />
    <property name="sun.boot.library.path" value="/Library/Java/JavaVirtualMachines/jdk1.7.0_67.jdk/Contents/Home/jre/lib" />
    <property name="ant.project.default-target" value="jar" />
    <property name="ant.project.name" value="json-mapreduce" />
    <property name="java.version" value="1.7.0_67" />
    <property name="user.timezone" value="" />
    <property name="sun.arch.data.model" value="64" />
    <property name="http.nonProxyHosts" value="local|*.local|169.254/16|*.169.254/16" />
    <property name="java.endorsed.dirs" value="/Library/Java/JavaVirtualMachines/jdk1.7.0_67.jdk/Contents/Home/jre/lib/endorsed" />
    <property name="sun.cpu.isalist" value="" />
    <property name="sun.jnu.encoding" value="UTF-8" />
    <property name="file.encoding.pkg" value="sun.io" />
    <property name="file.separator" value="/" />
    <property name="java.specification.name" value="Java Platform API Specification" />
    <property name="java.class.version" value="51.0" />
    <property name="test.build.data" value="/Users/mediratta/code/json-mapreduce/build/test/data" />
    <property name="user.country" value="US" />
    <property name="java.home" value="/Library/Java/JavaVirtualMachines/jdk1.7.0_67.jdk/Contents/Home/jre" />
    <property name="java.vm.info" value="mixed mode" />
    <property name="ant.file" value="/Users/mediratta/code/json-mapreduce/build.xml" />
    <property name="os.version" value="10.9.5" />
    <property name="path.separator" value=":" />
    <property name="java.vm.version" value="24.65-b04" />
    <property name="ant.library.dir" value="/opt/local/share/java/apache-ant/lib" />
    <property name="java.awt.printerjob" value="sun.lwawt.macosx.CPrinterJob" />
    <property name="sun.io.unicode.encoding" value="UnicodeBig" />
    <property name="awt.toolkit" value="sun.lwawt.macosx.LWCToolkit" />
    <property name="socksNonProxyHosts" value="local|*.local|169.254/16|*.169.254/16" />
    <property name="ftp.nonProxyHosts" value="local|*.local|169.254/16|*.169.254/16" />
    <property name="user.home" value="/Users/mediratta" />
    <property name="java.specification.vendor" value="Oracle Corporation" />
    <property name="java.library.path" value="/Users/mediratta/Library/Java/Extensions:/Library/Java/Extensions:/Network/Library/Java/Extensions:/System/Library/Java/Extensions:/usr/lib/java:." />
    <property name="java.vendor.url" value="http://java.oracle.com/" />
    <property name="java.vm.vendor" value="Oracle Corporation" />
    <property name="gopherProxySet" value="false" />
    <property name="java.runtime.name" value="Java(TM) SE Runtime Environment" />
    <property name="sun.java.command" value="org.apache.tools.ant.taskdefs.optional.junit.JUnitTestRunner com.alexholmes.json.parser.JsonLexerTest skipNonTests=false filtertrace=true haltOnError=false haltOnFailure=false formatter=org.apache.tools.ant.taskdefs.optional.junit.SummaryJUnitResultFormatter showoutput=false outputtoformatters=true logfailedtests=true logtestlistenerevents=false formatter=org.apache.tools.ant.taskdefs.optional.junit.XMLJUnitResultFormatter,/Users/mediratta/code/json-mapreduce/reports/junit/xml/TEST-com.alexholmes.json.parser.JsonLexerTest.xml crashfile=/Users/mediratta/code/json-mapreduce/junitvmwatcher2385551121670220579.properties propsfile=/Users/mediratta/code/json-mapreduce/junit4729845758168200528.properties" />
    <property name="java.class.path" value="/Users/mediratta/code/json-mapreduce/build/classes:/Users/mediratta/code/json-mapreduce/build/test-classes:/Users/mediratta/code/json-mapreduce/lib/commons-io-2.0.1.jar:/Users/mediratta/code/json-mapreduce/lib/commons-lang-2.6.jar:/Users/mediratta/code/json-mapreduce/lib/commons-logging-1.1.1.jar:/Users/mediratta/code/json-mapreduce/lib/hadoop-core-0.20.2-cdh3u1.jar:/Users/mediratta/code/json-mapreduce/lib/junit-4.10.jar:/opt/local/share/java/apache-ant/lib/ant-launcher.jar:/opt/local/share/java/apache-ant/lib/ant.jar:/opt/local/share/java/apache-ant/lib/ant-junit.jar:/opt/local/share/java/apache-ant/lib/ant-junit4.jar" />
    <property name="ant.version" value="Apache Ant(TM) version 1.9.3 compiled on December 23 2013" />
    <property name="java.vm.specification.name" value="Java Virtual Machine Specification" />
    <property name="ant.file.type" value="file" />
    <property name="java.vm.specification.version" value="1.7" />
    <property name="sun.cpu.endian" value="little" />
    <property name="sun.os.patch.level" value="unknown" />
    <property name="java.io.tmpdir" value="/var/folders/rf/9cc8hj591qd7jkzlf9t39nqc0000gn/T/" />
    <property name="java.vendor.url.bug" value="http://bugreport.sun.com/bugreport/" />
    <property name="os.arch" value="x86_64" />
    <property name="java.awt.graphicsenv" value="sun.awt.CGraphicsEnvironment" />
    <property name="java.ext.dirs" value="/Users/mediratta/Library/Java/Extensions:/Library/Java/JavaVirtualMachines/jdk1.7.0_67.jdk/Contents/Home/jre/lib/ext:/Library/Java/Extensions:/Network/Library/Java/Extensions:/System/Library/Java/Extensions:/usr/lib/java" />
    <property name="user.dir" value="/Users/mediratta/code/json-mapreduce" />
    <property name="line.separator" value="&#xa;" />
    <property name="java.vm.name" value="Java HotSpot(TM) 64-Bit Server VM" />
    <property name="basedir" value="/Users/mediratta/code/json-mapreduce" />
    <property name="ant.java.version" value="1.7" />
    <property name="ant.core.lib" value="/opt/local/share/java/apache-ant/lib/ant.jar" />
    <property name="file.encoding" value="UTF-8" />
    <property name="java.specification.version" value="1.7" />
    <property name="ant.project.invoked-targets" value="jar" />
  </properties>
  <testcase classname="com.alexholmes.json.parser.JsonLexerTest" name="testSimple" time="0.057" />
  <system-out><![CDATA[File array_objects_complex.json passed
File array_objects_empty.json passed
File array_of_numbers.json passed
File object_complex.json passed
File object_simple.json passed
File object_string_escaping.json passed
]]></system-out>
  <system-err><![CDATA[]]></system-err>
</testsuite>
